2017-08-08 17:08:39,733 - pydomo-Py3 - INFO - 
####################################################################################################
####################################################################################################
####################################################################################################
####################################################################################################
####################################################################################################
####################################################################################################
####################################################################################################
####################################################################################################
####################################################################################################
####################################################################################################
####################################################################################################
####################################################################################################
####################################################################################################
####################################################################################################
####################################################################################################
####################################################################################################
####################################################################################################
####################################################################################################
####################################################################################################
             ``.############.`          `.###### `#######################``######.`         ``.#####
                 .#######.`                `.###   .###################`   ###.`                `###
    #######..`     .####`     ..######.`     `##     .###############`     ##`     ..######.`     `#
    ###########`    .##     .############.    `#       .###########`       #     .############.
    ############.    #`   `################    `         .#######.         `   `################
    #############`        #################.        ``     .###.     ``        #################.
    #############`        ##################        .##`     `     `##`        ##################
    #############`        #################.        .####`       `####`        #################.
    ############.    #`   `################    `    .######`   `######`    `   `################
    ###########`    .##     .############.     #    .########`########`    #     .############.
    #######..`     .####`     ########.`     `##    .#################`    ##`     ..######.`     `#
                 .#######.`                `.###    .#################`    ###.`                `.##
               .############.`          `.######    .#################`    ######.`          `.#####
####################################################################################################
####################################################################################################
####################################################################################################
####################################################################################################
####################################################################################################
####################################################################################################
####################################################################################################
####################################################################################################
####################################################################################################
####################################################################################################
####################################################################################################
####################################################################################################
####################################################################################################
####################################################################################################
####################################################################################################
####################################################################################################
####################################################################################################
####################################################################################################
####################################################################################################

2017-08-08 17:08:39,740 - pydomo-Py3 - INFO - Initiating Domo Instance
2017-08-08 17:09:03,080 - pydomo-Py3 - INFO - Building Query...
2017-08-08 17:09:18,782 - pydomo-Py3 - INFO - Making Temp Directory...
2017-08-08 17:09:32,865 - pydomo-Py3 - INFO - Reading data...
