2017-08-08 17:18:28,005 - pydomo-Py3 - INFO - 
####################################################################################################
####################################################################################################
####################################################################################################
####################################################################################################
####################################################################################################
####################################################################################################
####################################################################################################
####################################################################################################
####################################################################################################
####################################################################################################
####################################################################################################
####################################################################################################
####################################################################################################
####################################################################################################
####################################################################################################
####################################################################################################
####################################################################################################
####################################################################################################
####################################################################################################
             ``.############.`          `.###### `#######################``######.`         ``.#####
                 .#######.`                `.###   .###################`   ###.`                `###
    #######..`     .####`     ..######.`     `##     .###############`     ##`     ..######.`     `#
    ###########`    .##     .############.    `#       .###########`       #     .############.
    ############.    #`   `################    `         .#######.         `   `################
    #############`        #################.        ``     .###.     ``        #################.
    #############`        ##################        .##`     `     `##`        ##################
    #############`        #################.        .####`       `####`        #################.
    ############.    #`   `################    `    .######`   `######`    `   `################
    ###########`    .##     .############.     #    .########`########`    #     .############.
    #######..`     .####`     ########.`     `##    .#################`    ##`     ..######.`     `#
                 .#######.`                `.###    .#################`    ###.`                `.##
               .############.`          `.######    .#################`    ######.`          `.#####
####################################################################################################
####################################################################################################
####################################################################################################
####################################################################################################
####################################################################################################
####################################################################################################
####################################################################################################
####################################################################################################
####################################################################################################
####################################################################################################
####################################################################################################
####################################################################################################
####################################################################################################
####################################################################################################
####################################################################################################
####################################################################################################
####################################################################################################
####################################################################################################
####################################################################################################

2017-08-08 17:18:28,027 - pydomo-Py3 - INFO - Initiating Domo Instance
2017-08-08 17:18:28,027 - pydomo-Py3 - INFO - Making Temp Directory...
2017-08-08 17:18:28,031 - pydomo-Py3 - INFO - Building Query...
2017-08-08 17:18:28,032 - pydomo-Py3 - INFO - Reading data...
2017-08-08 17:18:28,503 - pydomo-Py3 - INFO - C:\Temp\tmpid6bdm1l\file0
2017-08-08 17:18:28,504 - pydomo-Py3 - INFO - Data read complete...
2017-08-08 17:18:28,505 - pydomo-Py3 - INFO - Building Schema...
2017-08-08 17:18:28,506 - pydomo-Py3 - INFO - Deleting Temp Directory...
