2017-08-08 17:07:05,839 - pydomo-Py3 - INFO - 
####################################################################################################
####################################################################################################
####################################################################################################
####################################################################################################
####################################################################################################
####################################################################################################
####################################################################################################
####################################################################################################
####################################################################################################
####################################################################################################
####################################################################################################
####################################################################################################
####################################################################################################
####################################################################################################
####################################################################################################
####################################################################################################
####################################################################################################
####################################################################################################
####################################################################################################
             ``.############.`          `.###### `#######################``######.`         ``.#####
                 .#######.`                `.###   .###################`   ###.`                `###
    #######..`     .####`     ..######.`     `##     .###############`     ##`     ..######.`     `#
    ###########`    .##     .############.    `#       .###########`       #     .############.
    ############.    #`   `################    `         .#######.         `   `################
    #############`        #################.        ``     .###.     ``        #################.
    #############`        ##################        .##`     `     `##`        ##################
    #############`        #################.        .####`       `####`        #################.
    ############.    #`   `################    `    .######`   `######`    `   `################
    ###########`    .##     .############.     #    .########`########`    #     .############.
    #######..`     .####`     ########.`     `##    .#################`    ##`     ..######.`     `#
                 .#######.`                `.###    .#################`    ###.`                `.##
               .############.`          `.######    .#################`    ######.`          `.#####
####################################################################################################
####################################################################################################
####################################################################################################
####################################################################################################
####################################################################################################
####################################################################################################
####################################################################################################
####################################################################################################
####################################################################################################
####################################################################################################
####################################################################################################
####################################################################################################
####################################################################################################
####################################################################################################
####################################################################################################
####################################################################################################
####################################################################################################
####################################################################################################
####################################################################################################

2017-08-08 17:07:05,862 - pydomo-Py3 - INFO - Initiating Domo Instance
2017-08-08 17:07:05,862 - pydomo-Py3 - INFO - Making Temp Directory...
2017-08-08 17:07:05,866 - pydomo-Py3 - INFO - Building Query...
2017-08-08 17:07:05,867 - pydomo-Py3 - INFO - Reading data...
2017-08-08 17:07:06,314 - pydomo-Py3 - INFO - C:\Temp\tmp4qpqv3p2\file0
2017-08-08 17:07:06,315 - pydomo-Py3 - INFO - Data read complete...
2017-08-08 17:07:06,316 - pydomo-Py3 - INFO - Building Schema...
2017-08-08 17:07:06,316 - pydomo-Py3 - INFO - Deleting Temp Directory...
